{"C:\\restaurant-apps-starter-project\\src\\service-worker.js": {"path":"C:\\restaurant-apps-starter-project\\src\\service-worker.js","statementMap":{"0":{"start":{"line":8,"column":0},"end":{"line":8,"column":37}},"1":{"start":{"line":11,"column":26},"end":{"line":11,"column":48}},"2":{"start":{"line":12,"column":23},"end":{"line":12,"column":48}},"3":{"start":{"line":13,"column":25},"end":{"line":13,"column":41}},"4":{"start":{"line":16,"column":0},"end":{"line":31,"column":3}},"5":{"start":{"line":17,"column":2},"end":{"line":17,"column":59}},"6":{"start":{"line":18,"column":25},"end":{"line":18,"column":78}},"7":{"start":{"line":19,"column":2},"end":{"line":30,"column":4}},"8":{"start":{"line":21,"column":6},"end":{"line":28,"column":7}},"9":{"start":{"line":23,"column":10},"end":{"line":26,"column":11}},"10":{"start":{"line":24,"column":12},"end":{"line":24,"column":75}},"11":{"start":{"line":25,"column":12},"end":{"line":25,"column":44}},"12":{"start":{"line":34,"column":0},"end":{"line":48,"column":2}},"13":{"start":{"line":35,"column":19},"end":{"line":35,"column":50}},"14":{"start":{"line":51,"column":0},"end":{"line":61,"column":2}},"15":{"start":{"line":52,"column":19},"end":{"line":52,"column":46}},"16":{"start":{"line":64,"column":0},"end":{"line":75,"column":2}},"17":{"start":{"line":66,"column":4},"end":{"line":66,"column":61}},"18":{"start":{"line":78,"column":0},"end":{"line":93,"column":2}},"19":{"start":{"line":80,"column":4},"end":{"line":80,"column":92}},"20":{"start":{"line":96,"column":0},"end":{"line":113,"column":3}},"21":{"start":{"line":97,"column":2},"end":{"line":112,"column":4}},"22":{"start":{"line":99,"column":6},"end":{"line":110,"column":8}},"23":{"start":{"line":102,"column":10},"end":{"line":108,"column":11}},"24":{"start":{"line":103,"column":12},"end":{"line":103,"column":69}},"25":{"start":{"line":104,"column":12},"end":{"line":104,"column":50}},"26":{"start":{"line":105,"column":17},"end":{"line":108,"column":11}},"27":{"start":{"line":106,"column":12},"end":{"line":106,"column":70}},"28":{"start":{"line":107,"column":12},"end":{"line":107,"column":62}}},"fnMap":{"0":{"name":"(anonymous_0)","decl":{"start":{"line":16,"column":34},"end":{"line":16,"column":35}},"loc":{"start":{"line":16,"column":45},"end":{"line":31,"column":1}},"line":16},"1":{"name":"(anonymous_1)","decl":{"start":{"line":20,"column":23},"end":{"line":20,"column":24}},"loc":{"start":{"line":21,"column":6},"end":{"line":28,"column":7}},"line":21},"2":{"name":"(anonymous_2)","decl":{"start":{"line":22,"column":23},"end":{"line":22,"column":24}},"loc":{"start":{"line":22,"column":38},"end":{"line":27,"column":9}},"line":22},"3":{"name":"(anonymous_3)","decl":{"start":{"line":35,"column":2},"end":{"line":35,"column":3}},"loc":{"start":{"line":35,"column":19},"end":{"line":35,"column":50}},"line":35},"4":{"name":"(anonymous_4)","decl":{"start":{"line":52,"column":2},"end":{"line":52,"column":3}},"loc":{"start":{"line":52,"column":19},"end":{"line":52,"column":46}},"line":52},"5":{"name":"(anonymous_5)","decl":{"start":{"line":65,"column":2},"end":{"line":65,"column":3}},"loc":{"start":{"line":66,"column":4},"end":{"line":66,"column":61}},"line":66},"6":{"name":"(anonymous_6)","decl":{"start":{"line":79,"column":2},"end":{"line":79,"column":3}},"loc":{"start":{"line":80,"column":4},"end":{"line":80,"column":92}},"line":80},"7":{"name":"(anonymous_7)","decl":{"start":{"line":96,"column":31},"end":{"line":96,"column":32}},"loc":{"start":{"line":96,"column":42},"end":{"line":113,"column":1}},"line":96},"8":{"name":"(anonymous_8)","decl":{"start":{"line":98,"column":37},"end":{"line":98,"column":38}},"loc":{"start":{"line":98,"column":51},"end":{"line":111,"column":5}},"line":98},"9":{"name":"(anonymous_9)","decl":{"start":{"line":101,"column":35},"end":{"line":101,"column":36}},"loc":{"start":{"line":101,"column":41},"end":{"line":109,"column":9}},"line":101}},"branchMap":{"0":{"loc":{"start":{"line":23,"column":10},"end":{"line":26,"column":11}},"type":"if","locations":[{"start":{"line":23,"column":10},"end":{"line":26,"column":11}},{"start":{},"end":{}}],"line":23},"1":{"loc":{"start":{"line":80,"column":4},"end":{"line":80,"column":92}},"type":"binary-expr","locations":[{"start":{"line":80,"column":4},"end":{"line":80,"column":56}},{"start":{"line":80,"column":60},"end":{"line":80,"column":92}}],"line":80},"2":{"loc":{"start":{"line":100,"column":8},"end":{"line":109,"column":10}},"type":"binary-expr","locations":[{"start":{"line":100,"column":8},"end":{"line":100,"column":16}},{"start":{"line":101,"column":8},"end":{"line":109,"column":10}}],"line":100},"3":{"loc":{"start":{"line":102,"column":10},"end":{"line":108,"column":11}},"type":"if","locations":[{"start":{"line":102,"column":10},"end":{"line":108,"column":11}},{"start":{"line":105,"column":17},"end":{"line":108,"column":11}}],"line":102},"4":{"loc":{"start":{"line":105,"column":17},"end":{"line":108,"column":11}},"type":"if","locations":[{"start":{"line":105,"column":17},"end":{"line":108,"column":11}},{"start":{},"end":{}}],"line":105}},"s":{"0":0,"1":0,"2":0,"3":0,"4":0,"5":0,"6":0,"7":0,"8":0,"9":0,"10":0,"11":0,"12":0,"13":0,"14":0,"15":0,"16":0,"17":0,"18":0,"19":0,"20":0,"21":0,"22":0,"23":0,"24":0,"25":0,"26":0,"27":0,"28":0},"f":{"0":0,"1":0,"2":0,"3":0,"4":0,"5":0,"6":0,"7":0,"8":0,"9":0},"b":{"0":[0,0],"1":[0,0],"2":[0,0],"3":[0,0],"4":[0,0]}}
,"C:\\restaurant-apps-starter-project\\src\\scripts\\ReviewForm.js": {"path":"C:\\restaurant-apps-starter-project\\src\\scripts\\ReviewForm.js","statementMap":{"0":{"start":{"line":6,"column":4},"end":{"line":6,"column":18}},"1":{"start":{"line":10,"column":4},"end":{"line":18,"column":8}},"2":{"start":{"line":19,"column":4},"end":{"line":19,"column":95}},"3":{"start":{"line":23,"column":4},"end":{"line":23,"column":27}},"4":{"start":{"line":24,"column":17},"end":{"line":24,"column":50}},"5":{"start":{"line":25,"column":19},"end":{"line":25,"column":54}},"6":{"start":{"line":26,"column":25},"end":{"line":26,"column":64}},"7":{"start":{"line":27,"column":4},"end":{"line":27,"column":49}},"8":{"start":{"line":31,"column":0},"end":{"line":31,"column":49}}},"fnMap":{"0":{"name":"(anonymous_0)","decl":{"start":{"line":5,"column":2},"end":{"line":5,"column":3}},"loc":{"start":{"line":5,"column":22},"end":{"line":7,"column":3}},"line":5},"1":{"name":"(anonymous_1)","decl":{"start":{"line":9,"column":2},"end":{"line":9,"column":3}},"loc":{"start":{"line":9,"column":11},"end":{"line":20,"column":3}},"line":9},"2":{"name":"(anonymous_2)","decl":{"start":{"line":22,"column":2},"end":{"line":22,"column":3}},"loc":{"start":{"line":22,"column":22},"end":{"line":28,"column":3}},"line":22}},"branchMap":{},"s":{"0":0,"1":0,"2":0,"3":0,"4":0,"5":0,"6":0,"7":0,"8":0},"f":{"0":0,"1":0,"2":0},"b":{}}
,"C:\\restaurant-apps-starter-project\\src\\scripts\\main.js": {"path":"C:\\restaurant-apps-starter-project\\src\\scripts\\main.js","statementMap":{"0":{"start":{"line":5,"column":19},"end":{"line":17,"column":1}},"1":{"start":{"line":6,"column":2},"end":{"line":9,"column":3}},"2":{"start":{"line":7,"column":4},"end":{"line":7,"column":63}},"3":{"start":{"line":8,"column":4},"end":{"line":8,"column":11}},"4":{"start":{"line":10,"column":13},"end":{"line":10,"column":42}},"5":{"start":{"line":11,"column":2},"end":{"line":16,"column":3}},"6":{"start":{"line":12,"column":4},"end":{"line":12,"column":24}},"7":{"start":{"line":13,"column":4},"end":{"line":13,"column":45}},"8":{"start":{"line":15,"column":4},"end":{"line":15,"column":60}},"9":{"start":{"line":19,"column":0},"end":{"line":242,"column":3}},"10":{"start":{"line":21,"column":20},"end":{"line":21,"column":56}},"11":{"start":{"line":22,"column":18},"end":{"line":22,"column":53}},"12":{"start":{"line":23,"column":19},"end":{"line":23,"column":55}},"13":{"start":{"line":24,"column":27},"end":{"line":24,"column":56}},"14":{"start":{"line":25,"column":2},"end":{"line":25,"column":54}},"15":{"start":{"line":26,"column":2},"end":{"line":26,"column":46}},"16":{"start":{"line":29,"column":4},"end":{"line":34,"column":6}},"17":{"start":{"line":35,"column":4},"end":{"line":35,"column":45}},"18":{"start":{"line":37,"column":4},"end":{"line":39,"column":7}},"19":{"start":{"line":38,"column":6},"end":{"line":38,"column":46}},"20":{"start":{"line":43,"column":4},"end":{"line":43,"column":44}},"21":{"start":{"line":46,"column":2},"end":{"line":51,"column":5}},"22":{"start":{"line":47,"column":21},"end":{"line":47,"column":71}},"23":{"start":{"line":48,"column":4},"end":{"line":48,"column":55}},"24":{"start":{"line":49,"column":4},"end":{"line":49,"column":37}},"25":{"start":{"line":50,"column":4},"end":{"line":50,"column":78}},"26":{"start":{"line":53,"column":2},"end":{"line":57,"column":5}},"27":{"start":{"line":54,"column":4},"end":{"line":54,"column":53}},"28":{"start":{"line":55,"column":4},"end":{"line":55,"column":49}},"29":{"start":{"line":56,"column":4},"end":{"line":56,"column":48}},"30":{"start":{"line":61,"column":4},"end":{"line":61,"column":70}},"31":{"start":{"line":62,"column":4},"end":{"line":62,"column":72}},"32":{"start":{"line":63,"column":4},"end":{"line":63,"column":68}},"33":{"start":{"line":65,"column":20},"end":{"line":65,"column":54}},"34":{"start":{"line":66,"column":4},"end":{"line":66,"column":36}},"35":{"start":{"line":69,"column":4},"end":{"line":69,"column":67}},"36":{"start":{"line":70,"column":4},"end":{"line":70,"column":47}},"37":{"start":{"line":72,"column":2},"end":{"line":72,"column":35}},"38":{"start":{"line":75,"column":4},"end":{"line":81,"column":7}},"39":{"start":{"line":77,"column":8},"end":{"line":79,"column":9}},"40":{"start":{"line":78,"column":10},"end":{"line":78,"column":63}},"41":{"start":{"line":85,"column":15},"end":{"line":85,"column":29}},"42":{"start":{"line":86,"column":4},"end":{"line":86,"column":42}},"43":{"start":{"line":90,"column":15},"end":{"line":90,"column":29}},"44":{"start":{"line":91,"column":4},"end":{"line":91,"column":47}},"45":{"start":{"line":95,"column":15},"end":{"line":95,"column":29}},"46":{"start":{"line":96,"column":4},"end":{"line":96,"column":55}},"47":{"start":{"line":100,"column":15},"end":{"line":100,"column":29}},"48":{"start":{"line":101,"column":4},"end":{"line":101,"column":40}},"49":{"start":{"line":105,"column":4},"end":{"line":122,"column":5}},"50":{"start":{"line":106,"column":6},"end":{"line":106,"column":44}},"51":{"start":{"line":107,"column":23},"end":{"line":107,"column":78}},"52":{"start":{"line":108,"column":6},"end":{"line":108,"column":72}},"53":{"start":{"line":108,"column":24},"end":{"line":108,"column":72}},"54":{"start":{"line":109,"column":19},"end":{"line":109,"column":40}},"55":{"start":{"line":111,"column":6},"end":{"line":111,"column":43}},"56":{"start":{"line":112,"column":6},"end":{"line":112,"column":20}},"57":{"start":{"line":114,"column":6},"end":{"line":114,"column":58}},"58":{"start":{"line":115,"column":32},"end":{"line":115,"column":52}},"59":{"start":{"line":116,"column":6},"end":{"line":121,"column":7}},"60":{"start":{"line":117,"column":8},"end":{"line":117,"column":46}},"61":{"start":{"line":118,"column":8},"end":{"line":118,"column":52}},"62":{"start":{"line":120,"column":8},"end":{"line":120,"column":62}},"63":{"start":{"line":126,"column":34},"end":{"line":126,"column":84}},"64":{"start":{"line":127,"column":4},"end":{"line":135,"column":16}},"65":{"start":{"line":127,"column":70},"end":{"line":135,"column":5}},"66":{"start":{"line":139,"column":4},"end":{"line":182,"column":5}},"67":{"start":{"line":140,"column":6},"end":{"line":140,"column":40}},"68":{"start":{"line":141,"column":23},"end":{"line":141,"column":96}},"69":{"start":{"line":142,"column":6},"end":{"line":142,"column":67}},"70":{"start":{"line":142,"column":24},"end":{"line":142,"column":67}},"71":{"start":{"line":143,"column":29},"end":{"line":143,"column":50}},"72":{"start":{"line":145,"column":40},"end":{"line":145,"column":84}},"73":{"start":{"line":146,"column":6},"end":{"line":146,"column":94}},"74":{"start":{"line":147,"column":6},"end":{"line":147,"column":149}},"75":{"start":{"line":148,"column":6},"end":{"line":148,"column":100}},"76":{"start":{"line":149,"column":6},"end":{"line":149,"column":94}},"77":{"start":{"line":150,"column":6},"end":{"line":150,"column":108}},"78":{"start":{"line":151,"column":6},"end":{"line":151,"column":142}},"79":{"start":{"line":151,"column":120},"end":{"line":151,"column":129}},"80":{"start":{"line":152,"column":6},"end":{"line":152,"column":146}},"81":{"start":{"line":152,"column":123},"end":{"line":152,"column":133}},"82":{"start":{"line":154,"column":26},"end":{"line":154,"column":82}},"83":{"start":{"line":155,"column":6},"end":{"line":160,"column":18}},"84":{"start":{"line":155,"column":73},"end":{"line":160,"column":7}},"85":{"start":{"line":162,"column":29},"end":{"line":162,"column":71}},"86":{"start":{"line":163,"column":23},"end":{"line":163,"column":58}},"87":{"start":{"line":164,"column":6},"end":{"line":164,"column":89}},"88":{"start":{"line":166,"column":6},"end":{"line":175,"column":8}},"89":{"start":{"line":167,"column":8},"end":{"line":173,"column":9}},"90":{"start":{"line":168,"column":10},"end":{"line":168,"column":45}},"91":{"start":{"line":169,"column":10},"end":{"line":169,"column":55}},"92":{"start":{"line":171,"column":10},"end":{"line":171,"column":40}},"93":{"start":{"line":172,"column":10},"end":{"line":172,"column":60}},"94":{"start":{"line":174,"column":8},"end":{"line":174,"column":33}},"95":{"start":{"line":177,"column":6},"end":{"line":177,"column":20}},"96":{"start":{"line":178,"column":6},"end":{"line":178,"column":39}},"97":{"start":{"line":180,"column":6},"end":{"line":180,"column":63}},"98":{"start":{"line":181,"column":6},"end":{"line":181,"column":67}},"99":{"start":{"line":186,"column":4},"end":{"line":209,"column":5}},"100":{"start":{"line":187,"column":6},"end":{"line":187,"column":42}},"101":{"start":{"line":188,"column":24},"end":{"line":188,"column":44}},"102":{"start":{"line":189,"column":34},"end":{"line":189,"column":82}},"103":{"start":{"line":191,"column":6},"end":{"line":203,"column":7}},"104":{"start":{"line":192,"column":8},"end":{"line":192,"column":84}},"105":{"start":{"line":194,"column":8},"end":{"line":202,"column":20}},"106":{"start":{"line":194,"column":70},"end":{"line":202,"column":9}},"107":{"start":{"line":204,"column":6},"end":{"line":204,"column":20}},"108":{"start":{"line":205,"column":6},"end":{"line":205,"column":35}},"109":{"start":{"line":207,"column":6},"end":{"line":207,"column":65}},"110":{"start":{"line":208,"column":6},"end":{"line":208,"column":69}},"111":{"start":{"line":212,"column":2},"end":{"line":220,"column":5}},"112":{"start":{"line":213,"column":24},"end":{"line":213,"column":55}},"113":{"start":{"line":214,"column":4},"end":{"line":218,"column":5}},"114":{"start":{"line":215,"column":6},"end":{"line":215,"column":58}},"115":{"start":{"line":217,"column":6},"end":{"line":217,"column":30}},"116":{"start":{"line":219,"column":4},"end":{"line":219,"column":17}},"117":{"start":{"line":222,"column":2},"end":{"line":235,"column":5}},"118":{"start":{"line":223,"column":17},"end":{"line":223,"column":37}},"119":{"start":{"line":224,"column":4},"end":{"line":228,"column":5}},"120":{"start":{"line":225,"column":6},"end":{"line":225,"column":51}},"121":{"start":{"line":227,"column":6},"end":{"line":227,"column":23}},"122":{"start":{"line":229,"column":25},"end":{"line":229,"column":61}},"123":{"start":{"line":230,"column":4},"end":{"line":234,"column":7}},"124":{"start":{"line":231,"column":6},"end":{"line":231,"column":29}},"125":{"start":{"line":232,"column":6},"end":{"line":232,"column":58}},"126":{"start":{"line":233,"column":6},"end":{"line":233,"column":26}},"127":{"start":{"line":237,"column":2},"end":{"line":237,"column":21}},"128":{"start":{"line":239,"column":2},"end":{"line":239,"column":61}},"129":{"start":{"line":240,"column":2},"end":{"line":240,"column":65}},"130":{"start":{"line":241,"column":2},"end":{"line":241,"column":45}}},"fnMap":{"0":{"name":"(anonymous_0)","decl":{"start":{"line":5,"column":19},"end":{"line":5,"column":20}},"loc":{"start":{"line":5,"column":31},"end":{"line":17,"column":1}},"line":5},"1":{"name":"(anonymous_1)","decl":{"start":{"line":19,"column":46},"end":{"line":19,"column":47}},"loc":{"start":{"line":19,"column":52},"end":{"line":242,"column":1}},"line":19},"2":{"name":"showLoading","decl":{"start":{"line":28,"column":11},"end":{"line":28,"column":22}},"loc":{"start":{"line":28,"column":32},"end":{"line":40,"column":3}},"line":28},"3":{"name":"(anonymous_3)","decl":{"start":{"line":37,"column":84},"end":{"line":37,"column":85}},"loc":{"start":{"line":37,"column":90},"end":{"line":39,"column":5}},"line":37},"4":{"name":"hideLoading","decl":{"start":{"line":42,"column":11},"end":{"line":42,"column":22}},"loc":{"start":{"line":42,"column":25},"end":{"line":44,"column":3}},"line":42},"5":{"name":"(anonymous_5)","decl":{"start":{"line":46,"column":38},"end":{"line":46,"column":39}},"loc":{"start":{"line":46,"column":44},"end":{"line":51,"column":3}},"line":46},"6":{"name":"(anonymous_6)","decl":{"start":{"line":53,"column":37},"end":{"line":53,"column":38}},"loc":{"start":{"line":53,"column":43},"end":{"line":57,"column":3}},"line":53},"7":{"name":"showSection","decl":{"start":{"line":60,"column":11},"end":{"line":60,"column":22}},"loc":{"start":{"line":60,"column":34},"end":{"line":71,"column":3}},"line":60},"8":{"name":"initDB","decl":{"start":{"line":74,"column":17},"end":{"line":74,"column":23}},"loc":{"start":{"line":74,"column":26},"end":{"line":82,"column":3}},"line":74},"9":{"name":"(anonymous_9)","decl":{"start":{"line":76,"column":6},"end":{"line":76,"column":7}},"loc":{"start":{"line":76,"column":18},"end":{"line":80,"column":7}},"line":76},"10":{"name":"addFavorite","decl":{"start":{"line":84,"column":17},"end":{"line":84,"column":28}},"loc":{"start":{"line":84,"column":41},"end":{"line":87,"column":3}},"line":84},"11":{"name":"removeFavorite","decl":{"start":{"line":89,"column":17},"end":{"line":89,"column":31}},"loc":{"start":{"line":89,"column":46},"end":{"line":92,"column":3}},"line":89},"12":{"name":"checkIfFavorite","decl":{"start":{"line":94,"column":17},"end":{"line":94,"column":32}},"loc":{"start":{"line":94,"column":47},"end":{"line":97,"column":3}},"line":94},"13":{"name":"getFavorites","decl":{"start":{"line":99,"column":17},"end":{"line":99,"column":29}},"loc":{"start":{"line":99,"column":32},"end":{"line":102,"column":3}},"line":99},"14":{"name":"fetchRestaurants","decl":{"start":{"line":104,"column":17},"end":{"line":104,"column":33}},"loc":{"start":{"line":104,"column":36},"end":{"line":123,"column":3}},"line":104},"15":{"name":"displayRestaurants","decl":{"start":{"line":125,"column":11},"end":{"line":125,"column":29}},"loc":{"start":{"line":125,"column":43},"end":{"line":136,"column":3}},"line":125},"16":{"name":"(anonymous_16)","decl":{"start":{"line":127,"column":54},"end":{"line":127,"column":55}},"loc":{"start":{"line":127,"column":70},"end":{"line":135,"column":5}},"line":127},"17":{"name":"displayRestaurantDetails","decl":{"start":{"line":138,"column":17},"end":{"line":138,"column":41}},"loc":{"start":{"line":138,"column":56},"end":{"line":183,"column":3}},"line":138},"18":{"name":"(anonymous_18)","decl":{"start":{"line":151,"column":110},"end":{"line":151,"column":111}},"loc":{"start":{"line":151,"column":120},"end":{"line":151,"column":129}},"line":151},"19":{"name":"(anonymous_19)","decl":{"start":{"line":152,"column":112},"end":{"line":152,"column":113}},"loc":{"start":{"line":152,"column":123},"end":{"line":152,"column":133}},"line":152},"20":{"name":"(anonymous_20)","decl":{"start":{"line":155,"column":61},"end":{"line":155,"column":62}},"loc":{"start":{"line":155,"column":73},"end":{"line":160,"column":7}},"line":155},"21":{"name":"(anonymous_21)","decl":{"start":{"line":166,"column":31},"end":{"line":166,"column":32}},"loc":{"start":{"line":166,"column":43},"end":{"line":175,"column":7}},"line":166},"22":{"name":"displayFavoriteRestaurants","decl":{"start":{"line":185,"column":17},"end":{"line":185,"column":43}},"loc":{"start":{"line":185,"column":46},"end":{"line":210,"column":3}},"line":185},"23":{"name":"(anonymous_23)","decl":{"start":{"line":194,"column":54},"end":{"line":194,"column":55}},"loc":{"start":{"line":194,"column":70},"end":{"line":202,"column":9}},"line":194},"24":{"name":"(anonymous_24)","decl":{"start":{"line":212,"column":34},"end":{"line":212,"column":35}},"loc":{"start":{"line":212,"column":40},"end":{"line":220,"column":3}},"line":212},"25":{"name":"(anonymous_25)","decl":{"start":{"line":222,"column":40},"end":{"line":222,"column":41}},"loc":{"start":{"line":222,"column":46},"end":{"line":235,"column":3}},"line":222},"26":{"name":"(anonymous_26)","decl":{"start":{"line":230,"column":43},"end":{"line":230,"column":44}},"loc":{"start":{"line":230,"column":54},"end":{"line":234,"column":5}},"line":230}},"branchMap":{"0":{"loc":{"start":{"line":6,"column":2},"end":{"line":9,"column":3}},"type":"if","locations":[{"start":{"line":6,"column":2},"end":{"line":9,"column":3}},{"start":{},"end":{}}],"line":6},"1":{"loc":{"start":{"line":50,"column":30},"end":{"line":50,"column":77}},"type":"cond-expr","locations":[{"start":{"line":50,"column":41},"end":{"line":50,"column":59}},{"start":{"line":50,"column":62},"end":{"line":50,"column":77}}],"line":50},"2":{"loc":{"start":{"line":77,"column":8},"end":{"line":79,"column":9}},"type":"if","locations":[{"start":{"line":77,"column":8},"end":{"line":79,"column":9}},{"start":{},"end":{}}],"line":77},"3":{"loc":{"start":{"line":108,"column":6},"end":{"line":108,"column":72}},"type":"if","locations":[{"start":{"line":108,"column":6},"end":{"line":108,"column":72}},{"start":{},"end":{}}],"line":108},"4":{"loc":{"start":{"line":116,"column":6},"end":{"line":121,"column":7}},"type":"if","locations":[{"start":{"line":116,"column":6},"end":{"line":121,"column":7}},{"start":{"line":119,"column":13},"end":{"line":121,"column":7}}],"line":116},"5":{"loc":{"start":{"line":142,"column":6},"end":{"line":142,"column":67}},"type":"if","locations":[{"start":{"line":142,"column":6},"end":{"line":142,"column":67}},{"start":{},"end":{}}],"line":142},"6":{"loc":{"start":{"line":164,"column":33},"end":{"line":164,"column":88}},"type":"cond-expr","locations":[{"start":{"line":164,"column":46},"end":{"line":164,"column":68}},{"start":{"line":164,"column":71},"end":{"line":164,"column":88}}],"line":164},"7":{"loc":{"start":{"line":167,"column":8},"end":{"line":173,"column":9}},"type":"if","locations":[{"start":{"line":167,"column":8},"end":{"line":173,"column":9}},{"start":{"line":170,"column":15},"end":{"line":173,"column":9}}],"line":167},"8":{"loc":{"start":{"line":191,"column":6},"end":{"line":203,"column":7}},"type":"if","locations":[{"start":{"line":191,"column":6},"end":{"line":203,"column":7}},{"start":{"line":193,"column":13},"end":{"line":203,"column":7}}],"line":191},"9":{"loc":{"start":{"line":213,"column":24},"end":{"line":213,"column":55}},"type":"binary-expr","locations":[{"start":{"line":213,"column":24},"end":{"line":213,"column":44}},{"start":{"line":213,"column":48},"end":{"line":213,"column":55}}],"line":213},"10":{"loc":{"start":{"line":214,"column":4},"end":{"line":218,"column":5}},"type":"if","locations":[{"start":{"line":214,"column":4},"end":{"line":218,"column":5}},{"start":{"line":216,"column":11},"end":{"line":218,"column":5}}],"line":214},"11":{"loc":{"start":{"line":224,"column":4},"end":{"line":228,"column":5}},"type":"if","locations":[{"start":{"line":224,"column":4},"end":{"line":228,"column":5}},{"start":{"line":226,"column":11},"end":{"line":228,"column":5}}],"line":224}},"s":{"0":0,"1":0,"2":0,"3":0,"4":0,"5":0,"6":0,"7":0,"8":0,"9":0,"10":0,"11":0,"12":0,"13":0,"14":0,"15":0,"16":0,"17":0,"18":0,"19":0,"20":0,"21":0,"22":0,"23":0,"24":0,"25":0,"26":0,"27":0,"28":0,"29":0,"30":0,"31":0,"32":0,"33":0,"34":0,"35":0,"36":0,"37":0,"38":0,"39":0,"40":0,"41":0,"42":0,"43":0,"44":0,"45":0,"46":0,"47":0,"48":0,"49":0,"50":0,"51":0,"52":0,"53":0,"54":0,"55":0,"56":0,"57":0,"58":0,"59":0,"60":0,"61":0,"62":0,"63":0,"64":0,"65":0,"66":0,"67":0,"68":0,"69":0,"70":0,"71":0,"72":0,"73":0,"74":0,"75":0,"76":0,"77":0,"78":0,"79":0,"80":0,"81":0,"82":0,"83":0,"84":0,"85":0,"86":0,"87":0,"88":0,"89":0,"90":0,"91":0,"92":0,"93":0,"94":0,"95":0,"96":0,"97":0,"98":0,"99":0,"100":0,"101":0,"102":0,"103":0,"104":0,"105":0,"106":0,"107":0,"108":0,"109":0,"110":0,"111":0,"112":0,"113":0,"114":0,"115":0,"116":0,"117":0,"118":0,"119":0,"120":0,"121":0,"122":0,"123":0,"124":0,"125":0,"126":0,"127":0,"128":0,"129":0,"130":0},"f":{"0":0,"1":0,"2":0,"3":0,"4":0,"5":0,"6":0,"7":0,"8":0,"9":0,"10":0,"11":0,"12":0,"13":0,"14":0,"15":0,"16":0,"17":0,"18":0,"19":0,"20":0,"21":0,"22":0,"23":0,"24":0,"25":0,"26":0},"b":{"0":[0,0],"1":[0,0],"2":[0,0],"3":[0,0],"4":[0,0],"5":[0,0],"6":[0,0],"7":[0,0],"8":[0,0],"9":[0,0],"10":[0,0],"11":[0,0]}}
,"C:\\restaurant-apps-starter-project\\src\\scripts\\router.js": {"path":"C:\\restaurant-apps-starter-project\\src\\scripts\\router.js","statementMap":{"0":{"start":{"line":1,"column":15},"end":{"line":31,"column":1}},"1":{"start":{"line":4,"column":6},"end":{"line":4,"column":73}},"2":{"start":{"line":5,"column":6},"end":{"line":5,"column":74}},"3":{"start":{"line":6,"column":6},"end":{"line":6,"column":70}},"4":{"start":{"line":7,"column":6},"end":{"line":7,"column":32}},"5":{"start":{"line":8,"column":6},"end":{"line":8,"column":49}},"6":{"start":{"line":13,"column":6},"end":{"line":13,"column":72}},"7":{"start":{"line":14,"column":6},"end":{"line":14,"column":74}},"8":{"start":{"line":15,"column":6},"end":{"line":15,"column":71}},"9":{"start":{"line":16,"column":6},"end":{"line":16,"column":42}},"10":{"start":{"line":17,"column":6},"end":{"line":17,"column":49}},"11":{"start":{"line":24,"column":6},"end":{"line":24,"column":72}},"12":{"start":{"line":25,"column":6},"end":{"line":25,"column":74}},"13":{"start":{"line":26,"column":6},"end":{"line":26,"column":71}},"14":{"start":{"line":27,"column":6},"end":{"line":27,"column":40}},"15":{"start":{"line":28,"column":6},"end":{"line":28,"column":49}},"16":{"start":{"line":34,"column":16},"end":{"line":34,"column":47}},"17":{"start":{"line":35,"column":2},"end":{"line":37,"column":3}},"18":{"start":{"line":36,"column":4},"end":{"line":36,"column":19}}},"fnMap":{"0":{"name":"(anonymous_0)","decl":{"start":{"line":3,"column":12},"end":{"line":3,"column":13}},"loc":{"start":{"line":3,"column":18},"end":{"line":9,"column":5}},"line":3},"1":{"name":"(anonymous_1)","decl":{"start":{"line":12,"column":12},"end":{"line":12,"column":13}},"loc":{"start":{"line":12,"column":18},"end":{"line":18,"column":5}},"line":12},"2":{"name":"(anonymous_2)","decl":{"start":{"line":23,"column":12},"end":{"line":23,"column":13}},"loc":{"start":{"line":23,"column":18},"end":{"line":29,"column":5}},"line":23},"3":{"name":"navigateTo","decl":{"start":{"line":33,"column":9},"end":{"line":33,"column":19}},"loc":{"start":{"line":33,"column":26},"end":{"line":38,"column":1}},"line":33}},"branchMap":{"0":{"loc":{"start":{"line":34,"column":16},"end":{"line":34,"column":47}},"type":"binary-expr","locations":[{"start":{"line":34,"column":16},"end":{"line":34,"column":28}},{"start":{"line":34,"column":32},"end":{"line":34,"column":47}}],"line":34},"1":{"loc":{"start":{"line":35,"column":2},"end":{"line":37,"column":3}},"type":"if","locations":[{"start":{"line":35,"column":2},"end":{"line":37,"column":3}},{"start":{},"end":{}}],"line":35},"2":{"loc":{"start":{"line":35,"column":6},"end":{"line":35,"column":49}},"type":"binary-expr","locations":[{"start":{"line":35,"column":6},"end":{"line":35,"column":11}},{"start":{"line":35,"column":15},"end":{"line":35,"column":49}}],"line":35}},"s":{"0":0,"1":0,"2":0,"3":0,"4":0,"5":0,"6":0,"7":0,"8":0,"9":0,"10":0,"11":0,"12":0,"13":0,"14":0,"15":0,"16":0,"17":0,"18":0},"f":{"0":0,"1":0,"2":0,"3":0},"b":{"0":[0,0],"1":[0,0],"2":[0,0]}}
,"C:\\restaurant-apps-starter-project\\src\\scripts\\Data\\favorite-restaurant-idb.js": {"path":"C:\\restaurant-apps-starter-project\\src\\scripts\\Data\\favorite-restaurant-idb.js","statementMap":{"0":{"start":{"line":3,"column":22},"end":{"line":3,"column":46}},"1":{"start":{"line":4,"column":25},"end":{"line":4,"column":26}},"2":{"start":{"line":5,"column":26},"end":{"line":5,"column":39}},"3":{"start":{"line":7,"column":18},"end":{"line":13,"column":2}},"4":{"start":{"line":9,"column":4},"end":{"line":11,"column":5}},"5":{"start":{"line":10,"column":6},"end":{"line":10,"column":71}},"6":{"start":{"line":15,"column":30},"end":{"line":44,"column":1}},"7":{"start":{"line":17,"column":4},"end":{"line":19,"column":5}},"8":{"start":{"line":18,"column":6},"end":{"line":18,"column":18}},"9":{"start":{"line":20,"column":4},"end":{"line":20,"column":56}},"10":{"start":{"line":24,"column":4},"end":{"line":24,"column":55}},"11":{"start":{"line":28,"column":4},"end":{"line":30,"column":5}},"12":{"start":{"line":29,"column":6},"end":{"line":29,"column":13}},"13":{"start":{"line":31,"column":4},"end":{"line":31,"column":64}},"14":{"start":{"line":35,"column":4},"end":{"line":35,"column":59}},"15":{"start":{"line":39,"column":15},"end":{"line":39,"column":30}},"16":{"start":{"line":40,"column":15},"end":{"line":40,"column":61}},"17":{"start":{"line":41,"column":18},"end":{"line":41,"column":51}},"18":{"start":{"line":42,"column":4},"end":{"line":42,"column":24}}},"fnMap":{"0":{"name":"(anonymous_0)","decl":{"start":{"line":8,"column":2},"end":{"line":8,"column":3}},"loc":{"start":{"line":8,"column":20},"end":{"line":12,"column":3}},"line":8},"1":{"name":"(anonymous_1)","decl":{"start":{"line":16,"column":2},"end":{"line":16,"column":3}},"loc":{"start":{"line":16,"column":26},"end":{"line":21,"column":3}},"line":16},"2":{"name":"(anonymous_2)","decl":{"start":{"line":23,"column":2},"end":{"line":23,"column":3}},"loc":{"start":{"line":23,"column":28},"end":{"line":25,"column":3}},"line":23},"3":{"name":"(anonymous_3)","decl":{"start":{"line":27,"column":2},"end":{"line":27,"column":3}},"loc":{"start":{"line":27,"column":34},"end":{"line":32,"column":3}},"line":27},"4":{"name":"(anonymous_4)","decl":{"start":{"line":34,"column":2},"end":{"line":34,"column":3}},"loc":{"start":{"line":34,"column":29},"end":{"line":36,"column":3}},"line":34},"5":{"name":"(anonymous_5)","decl":{"start":{"line":38,"column":2},"end":{"line":38,"column":3}},"loc":{"start":{"line":38,"column":20},"end":{"line":43,"column":3}},"line":38}},"branchMap":{"0":{"loc":{"start":{"line":9,"column":4},"end":{"line":11,"column":5}},"type":"if","locations":[{"start":{"line":9,"column":4},"end":{"line":11,"column":5}},{"start":{},"end":{}}],"line":9},"1":{"loc":{"start":{"line":17,"column":4},"end":{"line":19,"column":5}},"type":"if","locations":[{"start":{"line":17,"column":4},"end":{"line":19,"column":5}},{"start":{},"end":{}}],"line":17},"2":{"loc":{"start":{"line":28,"column":4},"end":{"line":30,"column":5}},"type":"if","locations":[{"start":{"line":28,"column":4},"end":{"line":30,"column":5}},{"start":{},"end":{}}],"line":28}},"s":{"0":0,"1":0,"2":0,"3":0,"4":0,"5":0,"6":0,"7":0,"8":0,"9":0,"10":0,"11":0,"12":0,"13":0,"14":0,"15":0,"16":0,"17":0,"18":0},"f":{"0":0,"1":0,"2":0,"3":0,"4":0,"5":0},"b":{"0":[0,0],"1":[0,0],"2":[0,0]}}
,"C:\\restaurant-apps-starter-project\\src\\scripts\\utils\\LikeButtonPresenter.js": {"path":"C:\\restaurant-apps-starter-project\\src\\scripts\\utils\\LikeButtonPresenter.js","statementMap":{"0":{"start":{"line":1,"column":28},"end":{"line":48,"column":1}},"1":{"start":{"line":7,"column":4},"end":{"line":7,"column":52}},"2":{"start":{"line":8,"column":4},"end":{"line":8,"column":34}},"3":{"start":{"line":9,"column":4},"end":{"line":9,"column":52}},"4":{"start":{"line":11,"column":4},"end":{"line":11,"column":31}},"5":{"start":{"line":15,"column":19},"end":{"line":15,"column":35}},"6":{"start":{"line":17,"column":4},"end":{"line":21,"column":5}},"7":{"start":{"line":18,"column":6},"end":{"line":18,"column":26}},"8":{"start":{"line":20,"column":6},"end":{"line":20,"column":25}},"9":{"start":{"line":25,"column":23},"end":{"line":25,"column":72}},"10":{"start":{"line":26,"column":4},"end":{"line":26,"column":24}},"11":{"start":{"line":30,"column":4},"end":{"line":30,"column":69}},"12":{"start":{"line":32,"column":23},"end":{"line":32,"column":60}},"13":{"start":{"line":33,"column":4},"end":{"line":36,"column":7}},"14":{"start":{"line":34,"column":6},"end":{"line":34,"column":70}},"15":{"start":{"line":35,"column":6},"end":{"line":35,"column":27}},"16":{"start":{"line":40,"column":4},"end":{"line":40,"column":71}},"17":{"start":{"line":42,"column":23},"end":{"line":42,"column":60}},"18":{"start":{"line":43,"column":4},"end":{"line":46,"column":7}},"19":{"start":{"line":44,"column":6},"end":{"line":44,"column":76}},"20":{"start":{"line":45,"column":6},"end":{"line":45,"column":27}},"21":{"start":{"line":50,"column":33},"end":{"line":54,"column":3}},"22":{"start":{"line":50,"column":39},"end":{"line":54,"column":3}},"23":{"start":{"line":56,"column":35},"end":{"line":60,"column":3}},"24":{"start":{"line":56,"column":41},"end":{"line":60,"column":3}}},"fnMap":{"0":{"name":"(anonymous_0)","decl":{"start":{"line":2,"column":2},"end":{"line":2,"column":3}},"loc":{"start":{"line":6,"column":5},"end":{"line":12,"column":3}},"line":6},"1":{"name":"(anonymous_1)","decl":{"start":{"line":14,"column":2},"end":{"line":14,"column":3}},"loc":{"start":{"line":14,"column":24},"end":{"line":22,"column":3}},"line":14},"2":{"name":"(anonymous_2)","decl":{"start":{"line":24,"column":2},"end":{"line":24,"column":3}},"loc":{"start":{"line":24,"column":31},"end":{"line":27,"column":3}},"line":24},"3":{"name":"(anonymous_3)","decl":{"start":{"line":29,"column":2},"end":{"line":29,"column":3}},"loc":{"start":{"line":29,"column":16},"end":{"line":37,"column":3}},"line":29},"4":{"name":"(anonymous_4)","decl":{"start":{"line":33,"column":41},"end":{"line":33,"column":42}},"loc":{"start":{"line":33,"column":53},"end":{"line":36,"column":5}},"line":33},"5":{"name":"(anonymous_5)","decl":{"start":{"line":39,"column":2},"end":{"line":39,"column":3}},"loc":{"start":{"line":39,"column":17},"end":{"line":47,"column":3}},"line":39},"6":{"name":"(anonymous_6)","decl":{"start":{"line":43,"column":41},"end":{"line":43,"column":42}},"loc":{"start":{"line":43,"column":53},"end":{"line":46,"column":5}},"line":43},"7":{"name":"(anonymous_7)","decl":{"start":{"line":50,"column":33},"end":{"line":50,"column":34}},"loc":{"start":{"line":50,"column":39},"end":{"line":54,"column":3}},"line":50},"8":{"name":"(anonymous_8)","decl":{"start":{"line":56,"column":35},"end":{"line":56,"column":36}},"loc":{"start":{"line":56,"column":41},"end":{"line":60,"column":3}},"line":56}},"branchMap":{"0":{"loc":{"start":{"line":17,"column":4},"end":{"line":21,"column":5}},"type":"if","locations":[{"start":{"line":17,"column":4},"end":{"line":21,"column":5}},{"start":{"line":19,"column":11},"end":{"line":21,"column":5}}],"line":17}},"s":{"0":0,"1":0,"2":0,"3":0,"4":0,"5":0,"6":0,"7":0,"8":0,"9":0,"10":0,"11":0,"12":0,"13":0,"14":0,"15":0,"16":0,"17":0,"18":0,"19":0,"20":0,"21":0,"22":0,"23":0,"24":0},"f":{"0":0,"1":0,"2":0,"3":0,"4":0,"5":0,"6":0,"7":0,"8":0},"b":{"0":[0,0]}}
}
